Could not retrieve detailed voice properties: 'NoneType' object has no attribute 'decode'
Traceback (most recent call last):
  File "/app/tts_manager.py", line 35, in _initialize_engine
    current_voice_id = self.engine.getProperty('voice')
  File "/home/swebot/.local/lib/python3.10/site-packages/pyttsx3/engine.py", line 149, in getProperty
    return self.proxy.getProperty(name)
  File "/home/swebot/.local/lib/python3.10/site-packages/pyttsx3/driver.py", line 176, in getProperty
    return self._driver.getProperty(name)
  File "/home/swebot/.local/lib/python3.10/site-packages/pyttsx3/drivers/espeak.py", line 84, in getProperty
    return fromUtf8(voice.contents.name)
  File "/home/swebot/.local/lib/python3.10/site-packages/pyttsx3/drivers/__init__.py", line 23, in fromUtf8
    return value.decode('utf-8')
AttributeError: 'NoneType' object has no attribute 'decode'
2025-06-10 13:08:30,656 - INFO     - __main__                  - Application starting...
2025-06-10 13:08:30,664 - ERROR    - __main__                  - Tkinter TclError occurred: no display name and no $DISPLAY environment variable
Traceback (most recent call last):
  File "/app/main_app.py", line 957, in <module>
    root = bs.Window(themename="solar")
  File "/home/swebot/.local/lib/python3.10/site-packages/ttkbootstrap/window.py", line 235, in __init__
    super().__init__(**kwargs)
  File "/home/swebot/.local/lib/python3.10/site-packages/ttkbootstrap/style.py", line 5318, in __init__wrapper
    func(self, *args, **kwargs)
  File "/usr/lib/python3.10/tkinter/__init__.py", line 2302, in __init__
    self.tk = _tkinter.create(screenName, baseName, className, interactive, wantobjects, useTk, sync, use)
_tkinter.TclError: no display name and no $DISPLAY environment variable
2025-06-10 13:08:30,681 - INFO     - __main__                  - No display found, attempting to run in HEADLESS test mode.
2025-06-10 13:08:30,681 - INFO     - __main__                  - Initializing TaskManagerApp in HEADLESS mode.
2025-06-10 13:08:30,681 - INFO     - __main__                  - UI setup and UI-based queue polling skipped in HEADLESS mode.
2025-06-10 13:08:30,681 - INFO     - __main__                  - Initializing scheduler...
2025-06-10 13:08:30,682 - DEBUG    - tzlocal                   - /etc/timezone found, contents:
 Etc/UTC

2025-06-10 13:08:30,683 - DEBUG    - tzlocal                   - /etc/localtime found
2025-06-10 13:08:30,687 - DEBUG    - tzlocal                   - 2 found:
 {'/etc/timezone': 'Etc/UTC', '/etc/localtime is a symlink to': 'Etc/UTC'}
2025-06-10 13:08:30,688 - INFO     - apscheduler.scheduler     - Adding job tentatively -- it will be properly scheduled when the scheduler starts
2025-06-10 13:08:30,688 - INFO     - scheduler_manager         - Job 'job_check_repetition' (target: check_repeating_tasks) configured with interval: 1 hour.
2025-06-10 13:08:30,688 - INFO     - apscheduler.scheduler     - Adding job tentatively -- it will be properly scheduled when the scheduler starts
2025-06-10 13:08:30,688 - INFO     - scheduler_manager         - Job 'job_rescheduler_reminders' (target: schedule_task_reminders) configured with interval: 5 minutes.
2025-06-10 13:08:30,690 - INFO     - apscheduler.scheduler     - Added job "check_repeating_tasks" to job store "default"
2025-06-10 13:08:30,690 - INFO     - apscheduler.scheduler     - Added job "schedule_task_reminders" to job store "default"
2025-06-10 13:08:30,690 - INFO     - apscheduler.scheduler     - Scheduler started
2025-06-10 13:08:30,691 - DEBUG    - apscheduler.scheduler     - Looking for jobs to run
2025-06-10 13:08:30,691 - INFO     - scheduler_manager         - BackgroundScheduler initialized and started.
2025-06-10 13:08:30,692 - DEBUG    - apscheduler.scheduler     - Next wakeup is due at 2025-06-10 13:13:30.688428+00:00 (in 299.996224 seconds)
2025-06-10 13:08:30,692 - INFO     - scheduler_manager         - Performing initial scan and scheduling of reminders...
2025-06-10 13:08:30,692 - INFO     - scheduler_manager         - Scheduler job 'schedule_task_reminders' started.
2025-06-10 13:08:30,697 - INFO     - scheduler_manager         - Fetched 1 tasks from DB for reminder scheduling.
2025-06-10 13:08:30,697 - DEBUG    - scheduler_manager         - Processing task for reminder: ID=1, Title='Daily Task A 1AM', Due='2025-06-09T01:00:00', Rep='Daily', Status='Pending'
2025-06-10 13:08:30,698 - DEBUG    - scheduler_manager         - Scheduling CRON job ID reminder_1 for task 'Daily Task A 1AM' (TaskID: 1). Trigger: cron, Params: {hour=1, minute=0, start_date=2025-06-09T01:00:00}
2025-06-10 13:08:30,705 - INFO     - apscheduler.scheduler     - Added job "trigger_reminder_action" to job store "default"
2025-06-10 13:08:30,705 - INFO     - scheduler_manager         - Scheduled reminder for Task 'Daily Task A 1AM' (ID: 1). Trigger: {'trigger': 'cron', 'start_date': datetime.datetime(2025, 6, 9, 1, 0), 'hour': 1, 'minute': 0}
2025-06-10 13:08:30,705 - DEBUG    - scheduler_manager         - Currently 3 jobs in scheduler. Checking for stale reminder jobs...
2025-06-10 13:08:30,705 - INFO     - scheduler_manager         - Scheduler job 'schedule_task_reminders' completed. Tasks processed: 1. New reminders: 1, Updated: 0, Skipped (past one-time): 0, Skipped (no trigger): 0, Removed stale: 0.
2025-06-10 13:08:30,705 - DEBUG    - scheduler_manager         - Current scheduler jobs:
  - ID: job_rescheduler_reminders, Next Run: 2025-06-10 13:13:30.688428+00:00, Trigger: interval[0:05:00]
  - ID: job_check_repetition, Next Run: 2025-06-10 14:08:30.687994+00:00, Trigger: interval[1:00:00]
  - ID: reminder_1, Next Run: 2025-06-11 01:00:00+00:00, Trigger: cron[hour='1', minute='0']
2025-06-10 13:08:30,706 - DEBUG    - apscheduler.scheduler     - Looking for jobs to run
2025-06-10 13:08:30,706 - DEBUG    - scheduler_manager         - DB connection closed after schedule_task_reminders.
2025-06-10 13:08:30,706 - DEBUG    - apscheduler.scheduler     - Next wakeup is due at 2025-06-10 13:13:30.688428+00:00 (in 299.982063 seconds)
2025-06-10 13:08:30,706 - INFO     - __main__                  - Scheduler initialized successfully.
2025-06-10 13:08:30,706 - INFO     - __main__                  - TaskManagerApp initialization complete.
2025-06-10 13:08:30,706 - INFO     - __main__                  - Running in HEADLESS test mode. Scheduler and queue processing active.
2025-06-10 13:08:30,706 - INFO     - __main__                  - Application will simulate running for up to 5 minutes. Press Ctrl+C to interrupt.
2025-06-10 13:08:30,706 - DEBUG    - __main__                  - Checking reminder queue...
2025-06-10 13:08:30,957 - DEBUG    - __main__                  - Checking reminder queue...
2025-06-10 13:08:31,207 - DEBUG    - __main__                  - Checking reminder queue...
2025-06-10 13:08:31,458 - DEBUG    - __main__                  - Checking reminder queue...
2025-06-10 13:08:31,708 - DEBUG    - __main__                  - Checking reminder queue...
2025-06-10 13:08:31,959 - DEBUG    - __main__                  - Checking reminder queue...
2025-06-10 13:08:32,210 - DEBUG    - __main__                  - Checking reminder queue...
2025-06-10 13:08:32,460 - DEBUG    - __main__                  - Checking reminder queue...
2025-06-10 13:08:32,711 - DEBUG    - __main__                  - Checking reminder queue...
2025-06-10 13:08:32,961 - DEBUG    - __main__                  - Checking reminder queue...
2025-06-10 13:08:33,212 - DEBUG    - __main__                  - Checking reminder queue...
2025-06-10 13:08:33,465 - DEBUG    - __main__                  - Checking reminder queue...
2025-06-10 13:08:33,716 - DEBUG    - __main__                  - Checking reminder queue...
2025-06-10 13:08:33,966 - DEBUG    - __main__                  - Checking reminder queue...
2025-06-10 13:08:34,217 - DEBUG    - __main__                  - Checking reminder queue...
2025-06-10 13:08:34,468 - DEBUG    - __main__                  - Checking reminder queue...
2025-06-10 13:08:34,721 - DEBUG    - __main__                  - Checking reminder queue...
2025-06-10 13:08:34,971 - DEBUG    - __main__                  - Checking reminder queue...
2025-06-10 13:08:35,222 - DEBUG    - __main__                  - Checking reminder queue...
2025-06-10 13:08:35,473 - DEBUG    - __main__                  - Checking reminder queue...
2025-06-10 13:08:35,723 - DEBUG    - __main__                  - Checking reminder queue...
2025-06-10 13:08:35,974 - DEBUG    - __main__                  - Checking reminder queue...
2025-06-10 13:08:36,225 - DEBUG    - __main__                  - Checking reminder queue...
2025-06-10 13:08:36,475 - DEBUG    - __main__                  - Checking reminder queue...
2025-06-10 13:08:36,726 - DEBUG    - __main__                  - Checking reminder queue...
2025-06-10 13:08:36,976 - DEBUG    - __main__                  - Checking reminder queue...
2025-06-10 13:08:37,227 - DEBUG    - __main__                  - Checking reminder queue...
2025-06-10 13:08:37,478 - DEBUG    - __main__                  - Checking reminder queue...
2025-06-10 13:08:37,728 - DEBUG    - __main__                  - Checking reminder queue...
2025-06-10 13:08:37,979 - DEBUG    - __main__                  - Checking reminder queue...
2025-06-10 13:08:38,229 - DEBUG    - __main__                  - Checking reminder queue...
2025-06-10 13:08:38,480 - DEBUG    - __main__                  - Checking reminder queue...
2025-06-10 13:08:38,730 - DEBUG    - __main__                  - Checking reminder queue...
2025-06-10 13:08:38,981 - DEBUG    - __main__                  - Checking reminder queue...
2025-06-10 13:08:39,232 - DEBUG    - __main__                  - Checking reminder queue...
2025-06-10 13:08:39,482 - DEBUG    - __main__                  - Checking reminder queue...
2025-06-10 13:08:39,733 - DEBUG    - __main__                  - Checking reminder queue...
2025-06-10 13:08:39,984 - DEBUG    - __main__                  - Checking reminder queue...
2025-06-10 13:08:40,234 - DEBUG    - __main__                  - Checking reminder queue...
2025-06-10 13:08:40,485 - DEBUG    - __main__                  - Checking reminder queue...
2025-06-10 13:08:40,735 - DEBUG    - __main__                  - Checking reminder queue...
2025-06-10 13:08:40,986 - DEBUG    - __main__                  - Checking reminder queue...
2025-06-10 13:08:41,237 - DEBUG    - __main__                  - Checking reminder queue...
2025-06-10 13:08:41,487 - DEBUG    - __main__                  - Checking reminder queue...
2025-06-10 13:08:41,738 - DEBUG    - __main__                  - Checking reminder queue...
2025-06-10 13:08:41,988 - DEBUG    - __main__                  - Checking reminder queue...
2025-06-10 13:08:42,239 - DEBUG    - __main__                  - Checking reminder queue...
2025-06-10 13:08:42,490 - DEBUG    - __main__                  - Checking reminder queue...
2025-06-10 13:08:42,740 - DEBUG    - __main__                  - Checking reminder queue...
2025-06-10 13:08:42,991 - DEBUG    - __main__                  - Checking reminder queue...
2025-06-10 13:08:43,241 - DEBUG    - __main__                  - Checking reminder queue...
2025-06-10 13:08:43,492 - DEBUG    - __main__                  - Checking reminder queue...
2025-06-10 13:08:43,743 - DEBUG    - __main__                  - Checking reminder queue...
2025-06-10 13:08:43,993 - DEBUG    - __main__                  - Checking reminder queue...
2025-06-10 13:08:44,244 - DEBUG    - __main__                  - Checking reminder queue...
2025-06-10 13:08:44,495 - DEBUG    - __main__                  - Checking reminder queue...
2025-06-10 13:08:44,745 - DEBUG    - __main__                  - Checking reminder queue...
2025-06-10 13:08:44,996 - DEBUG    - __main__                  - Checking reminder queue...
2025-06-10 13:08:45,247 - DEBUG    - __main__                  - Checking reminder queue...
2025-06-10 13:08:45,498 - DEBUG    - __main__                  - Checking reminder queue...
2025-06-10 13:08:45,748 - DEBUG    - __main__                  - Checking reminder queue...
2025-06-10 13:08:45,999 - DEBUG    - __main__                  - Checking reminder queue...
2025-06-10 13:08:46,249 - DEBUG    - __main__                  - Checking reminder queue...
2025-06-10 13:08:46,500 - DEBUG    - __main__                  - Checking reminder queue...
2025-06-10 13:08:46,751 - DEBUG    - __main__                  - Checking reminder queue...
2025-06-10 13:08:47,001 - DEBUG    - __main__                  - Checking reminder queue...
2025-06-10 13:08:47,252 - DEBUG    - __main__                  - Checking reminder queue...
2025-06-10 13:08:47,502 - DEBUG    - __main__                  - Checking reminder queue...
2025-06-10 13:08:47,753 - DEBUG    - __main__                  - Checking reminder queue...
2025-06-10 13:08:48,004 - DEBUG    - __main__                  - Checking reminder queue...
2025-06-10 13:08:48,254 - DEBUG    - __main__                  - Checking reminder queue...
2025-06-10 13:08:48,505 - DEBUG    - __main__                  - Checking reminder queue...
2025-06-10 13:08:48,755 - DEBUG    - __main__                  - Checking reminder queue...
2025-06-10 13:08:49,006 - DEBUG    - __main__                  - Checking reminder queue...
2025-06-10 13:08:49,257 - DEBUG    - __main__                  - Checking reminder queue...
2025-06-10 13:08:49,507 - DEBUG    - __main__                  - Checking reminder queue...
2025-06-10 13:08:49,758 - DEBUG    - __main__                  - Checking reminder queue...
