Could not retrieve detailed voice properties: 'NoneType' object has no attribute 'decode'
Traceback (most recent call last):
  File "/app/tts_manager.py", line 35, in _initialize_engine
    current_voice_id = self.engine.getProperty('voice')
  File "/home/swebot/.local/lib/python3.10/site-packages/pyttsx3/engine.py", line 149, in getProperty
    return self.proxy.getProperty(name)
  File "/home/swebot/.local/lib/python3.10/site-packages/pyttsx3/driver.py", line 176, in getProperty
    return self._driver.getProperty(name)
  File "/home/swebot/.local/lib/python3.10/site-packages/pyttsx3/drivers/espeak.py", line 84, in getProperty
    return fromUtf8(voice.contents.name)
  File "/home/swebot/.local/lib/python3.10/site-packages/pyttsx3/drivers/__init__.py", line 23, in fromUtf8
    return value.decode('utf-8')
AttributeError: 'NoneType' object has no attribute 'decode'
2025-06-12 16:08:50,165 - INFO     - __main__                  - Application starting...
2025-06-12 16:08:50,174 - ERROR    - __main__                  - Tkinter TclError occurred: no display name and no $DISPLAY environment variable
Traceback (most recent call last):
  File "/app/main_app.py", line 1050, in <module>
    root = bs.Window(themename="solar")
  File "/home/swebot/.local/lib/python3.10/site-packages/ttkbootstrap/window.py", line 235, in __init__
    super().__init__(**kwargs)
  File "/home/swebot/.local/lib/python3.10/site-packages/ttkbootstrap/style.py", line 5318, in __init__wrapper
    func(self, *args, **kwargs)
  File "/usr/lib/python3.10/tkinter/__init__.py", line 2302, in __init__
    self.tk = _tkinter.create(screenName, baseName, className, interactive, wantobjects, useTk, sync, use)
_tkinter.TclError: no display name and no $DISPLAY environment variable
2025-06-12 16:08:50,192 - INFO     - __main__                  - No display found, attempting to run in HEADLESS test mode.
2025-06-12 16:08:50,192 - INFO     - __main__                  - Initializing TaskManagerApp in HEADLESS mode.
2025-06-12 16:08:50,192 - INFO     - __main__                  - UI setup and UI-based queue polling skipped in HEADLESS mode.
2025-06-12 16:08:50,193 - INFO     - __main__                  - Initializing scheduler...
2025-06-12 16:08:50,194 - DEBUG    - tzlocal                   - /etc/timezone found, contents:
 Etc/UTC

2025-06-12 16:08:50,195 - DEBUG    - tzlocal                   - /etc/localtime found
2025-06-12 16:08:50,199 - DEBUG    - tzlocal                   - 2 found:
 {'/etc/timezone': 'Etc/UTC', '/etc/localtime is a symlink to': 'Etc/UTC'}
2025-06-12 16:08:50,200 - INFO     - apscheduler.scheduler     - Adding job tentatively -- it will be properly scheduled when the scheduler starts
2025-06-12 16:08:50,200 - INFO     - scheduler_manager         - Job 'job_check_repetition' (target: check_repeating_tasks) configured with interval: 1 hour.
2025-06-12 16:08:50,201 - INFO     - apscheduler.scheduler     - Adding job tentatively -- it will be properly scheduled when the scheduler starts
2025-06-12 16:08:50,201 - INFO     - scheduler_manager         - Job 'job_rescheduler_reminders' (target: schedule_task_reminders) configured with interval: 5 minutes.
2025-06-12 16:08:50,203 - INFO     - apscheduler.scheduler     - Added job "check_repeating_tasks" to job store "default"
2025-06-12 16:08:50,203 - INFO     - apscheduler.scheduler     - Added job "schedule_task_reminders" to job store "default"
2025-06-12 16:08:50,203 - INFO     - apscheduler.scheduler     - Scheduler started
2025-06-12 16:08:50,204 - DEBUG    - apscheduler.scheduler     - Looking for jobs to run
2025-06-12 16:08:50,204 - DEBUG    - apscheduler.scheduler     - Next wakeup is due at 2025-06-12 16:13:50.200945+00:00 (in 299.996287 seconds)
2025-06-12 16:08:50,205 - INFO     - scheduler_manager         - BackgroundScheduler initialized and started.
2025-06-12 16:08:50,205 - INFO     - scheduler_manager         - Performing initial scan and scheduling of reminders...
2025-06-12 16:08:50,205 - INFO     - scheduler_manager         - Scheduler job 'schedule_task_reminders' started.
2025-06-12 16:08:50,209 - INFO     - scheduler_manager         - Fetched 1 tasks from DB for reminder scheduling.
2025-06-12 16:08:50,210 - DEBUG    - scheduler_manager         - Processing task for reminder: ID=1, Title='Daily Task A 1AM', Due='2025-06-09T01:00:00', Rep='Daily', Status='Pending'
2025-06-12 16:08:50,210 - DEBUG    - scheduler_manager         - Scheduling CRON job ID reminder_1 for task 'Daily Task A 1AM' (TaskID: 1). Trigger: cron, Params: {hour=1, minute=0, start_date=2025-06-09T01:00:00}
2025-06-12 16:08:50,216 - INFO     - apscheduler.scheduler     - Added job "trigger_reminder_action" to job store "default"
2025-06-12 16:08:50,216 - INFO     - scheduler_manager         - Scheduled reminder for Task 'Daily Task A 1AM' (ID: 1). Trigger: {'trigger': 'cron', 'start_date': datetime.datetime(2025, 6, 9, 1, 0), 'hour': 1, 'minute': 0}
2025-06-12 16:08:50,216 - DEBUG    - scheduler_manager         - Currently 3 jobs in scheduler. Checking for stale reminder jobs...
2025-06-12 16:08:50,216 - INFO     - scheduler_manager         - Scheduler job 'schedule_task_reminders' completed. Tasks processed: 1. New reminders: 1, Updated: 0, Skipped (past one-time): 0, Skipped (no trigger): 0, Removed stale: 0.
2025-06-12 16:08:50,217 - DEBUG    - scheduler_manager         - Current scheduler jobs:
  - ID: job_rescheduler_reminders, Next Run: 2025-06-12 16:13:50.200945+00:00, Trigger: interval[0:05:00]
  - ID: job_check_repetition, Next Run: 2025-06-12 17:08:50.200397+00:00, Trigger: interval[1:00:00]
  - ID: reminder_1, Next Run: 2025-06-13 01:00:00+00:00, Trigger: cron[hour='1', minute='0']
2025-06-12 16:08:50,217 - DEBUG    - scheduler_manager         - DB connection closed after schedule_task_reminders.
2025-06-12 16:08:50,217 - DEBUG    - apscheduler.scheduler     - Looking for jobs to run
2025-06-12 16:08:50,217 - INFO     - __main__                  - Scheduler initialized successfully.
2025-06-12 16:08:50,217 - DEBUG    - apscheduler.scheduler     - Next wakeup is due at 2025-06-12 16:13:50.200945+00:00 (in 299.983049 seconds)
2025-06-12 16:08:50,218 - INFO     - __main__                  - TaskManagerApp initialization complete.
2025-06-12 16:08:50,218 - INFO     - __main__                  - Running in HEADLESS test mode. Scheduler and queue processing active.
2025-06-12 16:08:50,218 - INFO     - __main__                  - Application will simulate running for up to 5 minutes. Press Ctrl+C to interrupt.
2025-06-12 16:08:50,218 - DEBUG    - __main__                  - Checking reminder queue...
2025-06-12 16:08:50,468 - DEBUG    - __main__                  - Checking reminder queue...
2025-06-12 16:08:50,719 - DEBUG    - __main__                  - Checking reminder queue...
2025-06-12 16:08:50,970 - DEBUG    - __main__                  - Checking reminder queue...
2025-06-12 16:08:51,220 - DEBUG    - __main__                  - Checking reminder queue...
2025-06-12 16:08:51,471 - DEBUG    - __main__                  - Checking reminder queue...
2025-06-12 16:08:51,722 - DEBUG    - __main__                  - Checking reminder queue...
2025-06-12 16:08:51,972 - DEBUG    - __main__                  - Checking reminder queue...
2025-06-12 16:08:52,223 - DEBUG    - __main__                  - Checking reminder queue...
2025-06-12 16:08:52,474 - DEBUG    - __main__                  - Checking reminder queue...
2025-06-12 16:08:52,725 - DEBUG    - __main__                  - Checking reminder queue...
2025-06-12 16:08:52,976 - DEBUG    - __main__                  - Checking reminder queue...
2025-06-12 16:08:53,226 - DEBUG    - __main__                  - Checking reminder queue...
2025-06-12 16:08:53,477 - DEBUG    - __main__                  - Checking reminder queue...
2025-06-12 16:08:53,728 - DEBUG    - __main__                  - Checking reminder queue...
2025-06-12 16:08:53,978 - DEBUG    - __main__                  - Checking reminder queue...
2025-06-12 16:08:54,229 - DEBUG    - __main__                  - Checking reminder queue...
2025-06-12 16:08:54,480 - DEBUG    - __main__                  - Checking reminder queue...
2025-06-12 16:08:54,730 - DEBUG    - __main__                  - Checking reminder queue...
2025-06-12 16:08:54,981 - DEBUG    - __main__                  - Checking reminder queue...
2025-06-12 16:08:55,232 - DEBUG    - __main__                  - Checking reminder queue...
2025-06-12 16:08:55,483 - DEBUG    - __main__                  - Checking reminder queue...
2025-06-12 16:08:55,733 - DEBUG    - __main__                  - Checking reminder queue...
2025-06-12 16:08:55,984 - DEBUG    - __main__                  - Checking reminder queue...
2025-06-12 16:08:56,235 - DEBUG    - __main__                  - Checking reminder queue...
2025-06-12 16:08:56,485 - DEBUG    - __main__                  - Checking reminder queue...
2025-06-12 16:08:56,736 - DEBUG    - __main__                  - Checking reminder queue...
2025-06-12 16:08:56,987 - DEBUG    - __main__                  - Checking reminder queue...
2025-06-12 16:08:57,237 - DEBUG    - __main__                  - Checking reminder queue...
2025-06-12 16:08:57,488 - DEBUG    - __main__                  - Checking reminder queue...
2025-06-12 16:08:57,739 - DEBUG    - __main__                  - Checking reminder queue...
2025-06-12 16:08:57,990 - DEBUG    - __main__                  - Checking reminder queue...
2025-06-12 16:08:58,240 - DEBUG    - __main__                  - Checking reminder queue...
2025-06-12 16:08:58,491 - DEBUG    - __main__                  - Checking reminder queue...
2025-06-12 16:08:58,742 - DEBUG    - __main__                  - Checking reminder queue...
2025-06-12 16:08:58,992 - DEBUG    - __main__                  - Checking reminder queue...
2025-06-12 16:08:59,243 - DEBUG    - __main__                  - Checking reminder queue...
2025-06-12 16:08:59,494 - DEBUG    - __main__                  - Checking reminder queue...
2025-06-12 16:08:59,745 - DEBUG    - __main__                  - Checking reminder queue...
2025-06-12 16:08:59,996 - DEBUG    - __main__                  - Checking reminder queue...
2025-06-12 16:09:00,247 - DEBUG    - __main__                  - Checking reminder queue...
2025-06-12 16:09:00,498 - DEBUG    - __main__                  - Checking reminder queue...
2025-06-12 16:09:00,749 - DEBUG    - __main__                  - Checking reminder queue...
2025-06-12 16:09:01,000 - DEBUG    - __main__                  - Checking reminder queue...
2025-06-12 16:09:01,251 - DEBUG    - __main__                  - Checking reminder queue...
2025-06-12 16:09:01,502 - DEBUG    - __main__                  - Checking reminder queue...
2025-06-12 16:09:01,753 - DEBUG    - __main__                  - Checking reminder queue...
2025-06-12 16:09:02,004 - DEBUG    - __main__                  - Checking reminder queue...
2025-06-12 16:09:02,255 - DEBUG    - __main__                  - Checking reminder queue...
2025-06-12 16:09:02,506 - DEBUG    - __main__                  - Checking reminder queue...
2025-06-12 16:09:02,757 - DEBUG    - __main__                  - Checking reminder queue...
2025-06-12 16:09:03,008 - DEBUG    - __main__                  - Checking reminder queue...
2025-06-12 16:09:03,259 - DEBUG    - __main__                  - Checking reminder queue...
2025-06-12 16:09:03,510 - DEBUG    - __main__                  - Checking reminder queue...
2025-06-12 16:09:03,761 - DEBUG    - __main__                  - Checking reminder queue...
2025-06-12 16:09:04,011 - DEBUG    - __main__                  - Checking reminder queue...
2025-06-12 16:09:04,262 - DEBUG    - __main__                  - Checking reminder queue...
2025-06-12 16:09:04,513 - DEBUG    - __main__                  - Checking reminder queue...
2025-06-12 16:09:04,763 - DEBUG    - __main__                  - Checking reminder queue...
2025-06-12 16:09:05,014 - DEBUG    - __main__                  - Checking reminder queue...
2025-06-12 16:09:05,265 - DEBUG    - __main__                  - Checking reminder queue...
2025-06-12 16:09:05,515 - DEBUG    - __main__                  - Checking reminder queue...
2025-06-12 16:09:05,766 - DEBUG    - __main__                  - Checking reminder queue...
2025-06-12 16:09:06,017 - DEBUG    - __main__                  - Checking reminder queue...
2025-06-12 16:09:06,268 - DEBUG    - __main__                  - Checking reminder queue...
2025-06-12 16:09:06,518 - DEBUG    - __main__                  - Checking reminder queue...
2025-06-12 16:09:06,769 - DEBUG    - __main__                  - Checking reminder queue...
2025-06-12 16:09:07,020 - DEBUG    - __main__                  - Checking reminder queue...
2025-06-12 16:09:07,270 - DEBUG    - __main__                  - Checking reminder queue...
2025-06-12 16:09:07,521 - DEBUG    - __main__                  - Checking reminder queue...
2025-06-12 16:09:07,772 - DEBUG    - __main__                  - Checking reminder queue...
2025-06-12 16:09:08,022 - DEBUG    - __main__                  - Checking reminder queue...
2025-06-12 16:09:08,273 - DEBUG    - __main__                  - Checking reminder queue...
2025-06-12 16:09:08,524 - DEBUG    - __main__                  - Checking reminder queue...
2025-06-12 16:09:08,774 - DEBUG    - __main__                  - Checking reminder queue...
2025-06-12 16:09:09,025 - DEBUG    - __main__                  - Checking reminder queue...
