Could not retrieve detailed voice properties: 'NoneType' object has no attribute 'decode'
Traceback (most recent call last):
  File "/app/tts_manager.py", line 35, in _initialize_engine
    current_voice_id = self.engine.getProperty('voice')
  File "/home/swebot/.local/lib/python3.10/site-packages/pyttsx3/engine.py", line 149, in getProperty
    return self.proxy.getProperty(name)
  File "/home/swebot/.local/lib/python3.10/site-packages/pyttsx3/driver.py", line 176, in getProperty
    return self._driver.getProperty(name)
  File "/home/swebot/.local/lib/python3.10/site-packages/pyttsx3/drivers/espeak.py", line 84, in getProperty
    return fromUtf8(voice.contents.name)
  File "/home/swebot/.local/lib/python3.10/site-packages/pyttsx3/drivers/__init__.py", line 23, in fromUtf8
    return value.decode('utf-8')
AttributeError: 'NoneType' object has no attribute 'decode'
2025-06-10 10:36:16,904 - INFO     - __main__                  - Application starting...
2025-06-10 10:36:16,915 - ERROR    - __main__                  - Tkinter TclError occurred: no display name and no $DISPLAY environment variable
Traceback (most recent call last):
  File "/app/main_app.py", line 957, in <module>
    root = bs.Window(themename="solar")
  File "/home/swebot/.local/lib/python3.10/site-packages/ttkbootstrap/window.py", line 235, in __init__
    super().__init__(**kwargs)
  File "/home/swebot/.local/lib/python3.10/site-packages/ttkbootstrap/style.py", line 5318, in __init__wrapper
    func(self, *args, **kwargs)
  File "/usr/lib/python3.10/tkinter/__init__.py", line 2302, in __init__
    self.tk = _tkinter.create(screenName, baseName, className, interactive, wantobjects, useTk, sync, use)
_tkinter.TclError: no display name and no $DISPLAY environment variable
2025-06-10 10:36:16,928 - INFO     - __main__                  - No display found, attempting to run in HEADLESS test mode.
2025-06-10 10:36:16,928 - INFO     - __main__                  - Initializing TaskManagerApp in HEADLESS mode.
2025-06-10 10:36:16,928 - INFO     - __main__                  - UI setup and UI-based queue polling skipped in HEADLESS mode.
2025-06-10 10:36:16,928 - INFO     - __main__                  - Initializing scheduler...
2025-06-10 10:36:16,930 - DEBUG    - tzlocal                   - /etc/timezone found, contents:
 Etc/UTC

2025-06-10 10:36:16,930 - DEBUG    - tzlocal                   - /etc/localtime found
2025-06-10 10:36:16,935 - DEBUG    - tzlocal                   - 2 found:
 {'/etc/timezone': 'Etc/UTC', '/etc/localtime is a symlink to': 'Etc/UTC'}
2025-06-10 10:36:16,936 - INFO     - apscheduler.scheduler     - Adding job tentatively -- it will be properly scheduled when the scheduler starts
2025-06-10 10:36:16,936 - INFO     - scheduler_manager         - Job 'job_check_repetition' (target: check_repeating_tasks) configured with interval: 1 hour.
2025-06-10 10:36:16,936 - INFO     - apscheduler.scheduler     - Adding job tentatively -- it will be properly scheduled when the scheduler starts
2025-06-10 10:36:16,936 - INFO     - scheduler_manager         - Job 'job_rescheduler_reminders' (target: schedule_task_reminders) configured with interval: 5 minutes.
2025-06-10 10:36:16,938 - INFO     - apscheduler.scheduler     - Added job "check_repeating_tasks" to job store "default"
2025-06-10 10:36:16,939 - INFO     - apscheduler.scheduler     - Added job "schedule_task_reminders" to job store "default"
2025-06-10 10:36:16,939 - INFO     - apscheduler.scheduler     - Scheduler started
2025-06-10 10:36:16,940 - DEBUG    - apscheduler.scheduler     - Looking for jobs to run
2025-06-10 10:36:16,940 - DEBUG    - apscheduler.scheduler     - Next wakeup is due at 2025-06-10 10:41:16.936648+00:00 (in 299.996042 seconds)
2025-06-10 10:36:16,940 - INFO     - scheduler_manager         - BackgroundScheduler initialized and started.
2025-06-10 10:36:16,941 - INFO     - scheduler_manager         - Performing initial scan and scheduling of reminders...
2025-06-10 10:36:16,941 - INFO     - scheduler_manager         - Scheduler job 'schedule_task_reminders' started.
2025-06-10 10:36:16,946 - INFO     - scheduler_manager         - Fetched 1 tasks from DB for reminder scheduling.
2025-06-10 10:36:16,946 - DEBUG    - scheduler_manager         - Processing task for reminder: ID=1, Title='Daily Task A 1AM', Due='2025-06-09T01:00:00', Rep='Daily', Status='Pending'
2025-06-10 10:36:16,946 - DEBUG    - scheduler_manager         - Scheduling CRON job ID reminder_1 for task 'Daily Task A 1AM' (TaskID: 1). Trigger: cron, Params: {hour=1, minute=0, start_date=2025-06-09T01:00:00}
2025-06-10 10:36:16,953 - INFO     - apscheduler.scheduler     - Added job "trigger_reminder_action" to job store "default"
2025-06-10 10:36:16,954 - INFO     - scheduler_manager         - Scheduled reminder for Task 'Daily Task A 1AM' (ID: 1). Trigger: {'trigger': 'cron', 'start_date': datetime.datetime(2025, 6, 9, 1, 0), 'hour': 1, 'minute': 0}
2025-06-10 10:36:16,954 - DEBUG    - scheduler_manager         - Currently 3 jobs in scheduler. Checking for stale reminder jobs...
2025-06-10 10:36:16,954 - INFO     - scheduler_manager         - Scheduler job 'schedule_task_reminders' completed. Tasks processed: 1. New reminders: 1, Updated: 0, Skipped (past one-time): 0, Skipped (no trigger): 0, Removed stale: 0.
2025-06-10 10:36:16,954 - DEBUG    - scheduler_manager         - Current scheduler jobs:
  - ID: job_rescheduler_reminders, Next Run: 2025-06-10 10:41:16.936648+00:00, Trigger: interval[0:05:00]
  - ID: job_check_repetition, Next Run: 2025-06-10 11:36:16.936159+00:00, Trigger: interval[1:00:00]
  - ID: reminder_1, Next Run: 2025-06-11 01:00:00+00:00, Trigger: cron[hour='1', minute='0']
2025-06-10 10:36:16,954 - DEBUG    - scheduler_manager         - DB connection closed after schedule_task_reminders.
2025-06-10 10:36:16,954 - INFO     - __main__                  - Scheduler initialized successfully.
2025-06-10 10:36:16,954 - INFO     - __main__                  - TaskManagerApp initialization complete.
2025-06-10 10:36:16,954 - INFO     - __main__                  - Running in HEADLESS test mode. Scheduler and queue processing active.
2025-06-10 10:36:16,954 - INFO     - __main__                  - Application will simulate running for up to 5 minutes. Press Ctrl+C to interrupt.
2025-06-10 10:36:16,955 - DEBUG    - __main__                  - Checking reminder queue...
2025-06-10 10:36:16,955 - DEBUG    - apscheduler.scheduler     - Looking for jobs to run
2025-06-10 10:36:16,955 - DEBUG    - apscheduler.scheduler     - Next wakeup is due at 2025-06-10 10:41:16.936648+00:00 (in 299.981291 seconds)
2025-06-10 10:36:17,205 - DEBUG    - __main__                  - Checking reminder queue...
2025-06-10 10:36:17,456 - DEBUG    - __main__                  - Checking reminder queue...
2025-06-10 10:36:17,706 - DEBUG    - __main__                  - Checking reminder queue...
2025-06-10 10:36:17,957 - DEBUG    - __main__                  - Checking reminder queue...
2025-06-10 10:36:18,208 - DEBUG    - __main__                  - Checking reminder queue...
2025-06-10 10:36:18,459 - DEBUG    - __main__                  - Checking reminder queue...
2025-06-10 10:36:18,709 - DEBUG    - __main__                  - Checking reminder queue...
2025-06-10 10:36:18,960 - DEBUG    - __main__                  - Checking reminder queue...
2025-06-10 10:36:19,211 - DEBUG    - __main__                  - Checking reminder queue...
2025-06-10 10:36:19,462 - DEBUG    - __main__                  - Checking reminder queue...
2025-06-10 10:36:19,712 - DEBUG    - __main__                  - Checking reminder queue...
2025-06-10 10:36:19,963 - DEBUG    - __main__                  - Checking reminder queue...
2025-06-10 10:36:20,214 - DEBUG    - __main__                  - Checking reminder queue...
2025-06-10 10:36:20,464 - DEBUG    - __main__                  - Checking reminder queue...
2025-06-10 10:36:20,715 - DEBUG    - __main__                  - Checking reminder queue...
2025-06-10 10:36:20,966 - DEBUG    - __main__                  - Checking reminder queue...
2025-06-10 10:36:21,216 - DEBUG    - __main__                  - Checking reminder queue...
2025-06-10 10:36:21,467 - DEBUG    - __main__                  - Checking reminder queue...
2025-06-10 10:36:21,718 - DEBUG    - __main__                  - Checking reminder queue...
2025-06-10 10:36:21,969 - DEBUG    - __main__                  - Checking reminder queue...
2025-06-10 10:36:22,219 - DEBUG    - __main__                  - Checking reminder queue...
2025-06-10 10:36:22,470 - DEBUG    - __main__                  - Checking reminder queue...
2025-06-10 10:36:22,721 - DEBUG    - __main__                  - Checking reminder queue...
2025-06-10 10:36:22,971 - DEBUG    - __main__                  - Checking reminder queue...
2025-06-10 10:36:23,222 - DEBUG    - __main__                  - Checking reminder queue...
2025-06-10 10:36:23,473 - DEBUG    - __main__                  - Checking reminder queue...
2025-06-10 10:36:23,724 - DEBUG    - __main__                  - Checking reminder queue...
2025-06-10 10:36:23,974 - DEBUG    - __main__                  - Checking reminder queue...
2025-06-10 10:36:24,225 - DEBUG    - __main__                  - Checking reminder queue...
2025-06-10 10:36:24,476 - DEBUG    - __main__                  - Checking reminder queue...
2025-06-10 10:36:24,726 - DEBUG    - __main__                  - Checking reminder queue...
2025-06-10 10:36:24,977 - DEBUG    - __main__                  - Checking reminder queue...
2025-06-10 10:36:25,228 - DEBUG    - __main__                  - Checking reminder queue...
2025-06-10 10:36:25,479 - DEBUG    - __main__                  - Checking reminder queue...
2025-06-10 10:36:25,729 - DEBUG    - __main__                  - Checking reminder queue...
2025-06-10 10:36:25,980 - DEBUG    - __main__                  - Checking reminder queue...
2025-06-10 10:36:26,231 - DEBUG    - __main__                  - Checking reminder queue...
2025-06-10 10:36:26,482 - DEBUG    - __main__                  - Checking reminder queue...
2025-06-10 10:36:26,732 - DEBUG    - __main__                  - Checking reminder queue...
2025-06-10 10:36:26,983 - DEBUG    - __main__                  - Checking reminder queue...
2025-06-10 10:36:27,234 - DEBUG    - __main__                  - Checking reminder queue...
2025-06-10 10:36:27,484 - DEBUG    - __main__                  - Checking reminder queue...
2025-06-10 10:36:27,735 - DEBUG    - __main__                  - Checking reminder queue...
2025-06-10 10:36:27,986 - DEBUG    - __main__                  - Checking reminder queue...
2025-06-10 10:36:28,236 - DEBUG    - __main__                  - Checking reminder queue...
2025-06-10 10:36:28,487 - DEBUG    - __main__                  - Checking reminder queue...
2025-06-10 10:36:28,738 - DEBUG    - __main__                  - Checking reminder queue...
2025-06-10 10:36:28,988 - DEBUG    - __main__                  - Checking reminder queue...
2025-06-10 10:36:29,239 - DEBUG    - __main__                  - Checking reminder queue...
2025-06-10 10:36:29,490 - DEBUG    - __main__                  - Checking reminder queue...
2025-06-10 10:36:29,740 - DEBUG    - __main__                  - Checking reminder queue...
2025-06-10 10:36:29,991 - DEBUG    - __main__                  - Checking reminder queue...
2025-06-10 10:36:30,242 - DEBUG    - __main__                  - Checking reminder queue...
2025-06-10 10:36:30,492 - DEBUG    - __main__                  - Checking reminder queue...
2025-06-10 10:36:30,743 - DEBUG    - __main__                  - Checking reminder queue...
2025-06-10 10:36:30,994 - DEBUG    - __main__                  - Checking reminder queue...
2025-06-10 10:36:31,245 - DEBUG    - __main__                  - Checking reminder queue...
2025-06-10 10:36:31,495 - DEBUG    - __main__                  - Checking reminder queue...
2025-06-10 10:36:31,746 - DEBUG    - __main__                  - Checking reminder queue...
2025-06-10 10:36:31,997 - DEBUG    - __main__                  - Checking reminder queue...
2025-06-10 10:36:32,248 - DEBUG    - __main__                  - Checking reminder queue...
2025-06-10 10:36:32,498 - DEBUG    - __main__                  - Checking reminder queue...
2025-06-10 10:36:32,749 - DEBUG    - __main__                  - Checking reminder queue...
2025-06-10 10:36:33,000 - DEBUG    - __main__                  - Checking reminder queue...
2025-06-10 10:36:33,250 - DEBUG    - __main__                  - Checking reminder queue...
2025-06-10 10:36:33,501 - DEBUG    - __main__                  - Checking reminder queue...
2025-06-10 10:36:33,752 - DEBUG    - __main__                  - Checking reminder queue...
2025-06-10 10:36:34,002 - DEBUG    - __main__                  - Checking reminder queue...
2025-06-10 10:36:34,253 - DEBUG    - __main__                  - Checking reminder queue...
2025-06-10 10:36:34,504 - DEBUG    - __main__                  - Checking reminder queue...
2025-06-10 10:36:34,754 - DEBUG    - __main__                  - Checking reminder queue...
2025-06-10 10:36:35,005 - DEBUG    - __main__                  - Checking reminder queue...
2025-06-10 10:36:35,256 - DEBUG    - __main__                  - Checking reminder queue...
2025-06-10 10:36:35,506 - DEBUG    - __main__                  - Checking reminder queue...
2025-06-10 10:36:35,757 - DEBUG    - __main__                  - Checking reminder queue...
2025-06-10 10:36:36,008 - DEBUG    - __main__                  - Checking reminder queue...
