Could not retrieve detailed voice properties: 'NoneType' object has no attribute 'decode'
Traceback (most recent call last):
  File "/app/tts_manager.py", line 35, in _initialize_engine
    current_voice_id = self.engine.getProperty('voice')
  File "/home/swebot/.local/lib/python3.10/site-packages/pyttsx3/engine.py", line 149, in getProperty
    return self.proxy.getProperty(name)
  File "/home/swebot/.local/lib/python3.10/site-packages/pyttsx3/driver.py", line 176, in getProperty
    return self._driver.getProperty(name)
  File "/home/swebot/.local/lib/python3.10/site-packages/pyttsx3/drivers/espeak.py", line 84, in getProperty
    return fromUtf8(voice.contents.name)
  File "/home/swebot/.local/lib/python3.10/site-packages/pyttsx3/drivers/__init__.py", line 23, in fromUtf8
    return value.decode('utf-8')
AttributeError: 'NoneType' object has no attribute 'decode'
2025-06-12 06:14:01,616 - INFO     - __main__                  - Application starting...
2025-06-12 06:14:01,627 - ERROR    - __main__                  - Tkinter TclError occurred: no display name and no $DISPLAY environment variable
Traceback (most recent call last):
  File "/app/main_app.py", line 1050, in <module>
    root = bs.Window(themename="solar")
  File "/home/swebot/.local/lib/python3.10/site-packages/ttkbootstrap/window.py", line 235, in __init__
    super().__init__(**kwargs)
  File "/home/swebot/.local/lib/python3.10/site-packages/ttkbootstrap/style.py", line 5318, in __init__wrapper
    func(self, *args, **kwargs)
  File "/usr/lib/python3.10/tkinter/__init__.py", line 2302, in __init__
    self.tk = _tkinter.create(screenName, baseName, className, interactive, wantobjects, useTk, sync, use)
_tkinter.TclError: no display name and no $DISPLAY environment variable
2025-06-12 06:14:01,646 - INFO     - __main__                  - No display found, attempting to run in HEADLESS test mode.
2025-06-12 06:14:01,646 - INFO     - __main__                  - Initializing TaskManagerApp in HEADLESS mode.
2025-06-12 06:14:01,646 - INFO     - __main__                  - UI setup and UI-based queue polling skipped in HEADLESS mode.
2025-06-12 06:14:01,646 - INFO     - __main__                  - Initializing scheduler...
2025-06-12 06:14:01,648 - DEBUG    - tzlocal                   - /etc/timezone found, contents:
 Etc/UTC

2025-06-12 06:14:01,649 - DEBUG    - tzlocal                   - /etc/localtime found
2025-06-12 06:14:01,653 - DEBUG    - tzlocal                   - 2 found:
 {'/etc/timezone': 'Etc/UTC', '/etc/localtime is a symlink to': 'Etc/UTC'}
2025-06-12 06:14:01,654 - INFO     - apscheduler.scheduler     - Adding job tentatively -- it will be properly scheduled when the scheduler starts
2025-06-12 06:14:01,654 - INFO     - scheduler_manager         - Job 'job_check_repetition' (target: check_repeating_tasks) configured with interval: 1 hour.
2025-06-12 06:14:01,655 - INFO     - apscheduler.scheduler     - Adding job tentatively -- it will be properly scheduled when the scheduler starts
2025-06-12 06:14:01,655 - INFO     - scheduler_manager         - Job 'job_rescheduler_reminders' (target: schedule_task_reminders) configured with interval: 5 minutes.
2025-06-12 06:14:01,657 - INFO     - apscheduler.scheduler     - Added job "check_repeating_tasks" to job store "default"
2025-06-12 06:14:01,657 - INFO     - apscheduler.scheduler     - Added job "schedule_task_reminders" to job store "default"
2025-06-12 06:14:01,657 - INFO     - apscheduler.scheduler     - Scheduler started
2025-06-12 06:14:01,658 - DEBUG    - apscheduler.scheduler     - Looking for jobs to run
2025-06-12 06:14:01,658 - DEBUG    - apscheduler.scheduler     - Next wakeup is due at 2025-06-12 06:19:01.655008+00:00 (in 299.996427 seconds)
2025-06-12 06:14:01,659 - INFO     - scheduler_manager         - BackgroundScheduler initialized and started.
2025-06-12 06:14:01,659 - INFO     - scheduler_manager         - Performing initial scan and scheduling of reminders...
2025-06-12 06:14:01,659 - INFO     - scheduler_manager         - Scheduler job 'schedule_task_reminders' started.
2025-06-12 06:14:01,665 - INFO     - scheduler_manager         - Fetched 1 tasks from DB for reminder scheduling.
2025-06-12 06:14:01,665 - DEBUG    - scheduler_manager         - Processing task for reminder: ID=1, Title='Daily Task A 1AM', Due='2025-06-09T01:00:00', Rep='Daily', Status='Pending'
2025-06-12 06:14:01,665 - DEBUG    - scheduler_manager         - Scheduling CRON job ID reminder_1 for task 'Daily Task A 1AM' (TaskID: 1). Trigger: cron, Params: {hour=1, minute=0, start_date=2025-06-09T01:00:00}
2025-06-12 06:14:01,678 - INFO     - apscheduler.scheduler     - Added job "trigger_reminder_action" to job store "default"
2025-06-12 06:14:01,678 - INFO     - scheduler_manager         - Scheduled reminder for Task 'Daily Task A 1AM' (ID: 1). Trigger: {'trigger': 'cron', 'start_date': datetime.datetime(2025, 6, 9, 1, 0), 'hour': 1, 'minute': 0}
2025-06-12 06:14:01,679 - DEBUG    - scheduler_manager         - Currently 3 jobs in scheduler. Checking for stale reminder jobs...
2025-06-12 06:14:01,679 - INFO     - scheduler_manager         - Scheduler job 'schedule_task_reminders' completed. Tasks processed: 1. New reminders: 1, Updated: 0, Skipped (past one-time): 0, Skipped (no trigger): 0, Removed stale: 0.
2025-06-12 06:14:01,679 - DEBUG    - scheduler_manager         - Current scheduler jobs:
  - ID: job_rescheduler_reminders, Next Run: 2025-06-12 06:19:01.655008+00:00, Trigger: interval[0:05:00]
  - ID: job_check_repetition, Next Run: 2025-06-12 07:14:01.654450+00:00, Trigger: interval[1:00:00]
  - ID: reminder_1, Next Run: 2025-06-13 01:00:00+00:00, Trigger: cron[hour='1', minute='0']
2025-06-12 06:14:01,680 - DEBUG    - scheduler_manager         - DB connection closed after schedule_task_reminders.
2025-06-12 06:14:01,680 - INFO     - __main__                  - Scheduler initialized successfully.
2025-06-12 06:14:01,680 - INFO     - __main__                  - TaskManagerApp initialization complete.
2025-06-12 06:14:01,680 - INFO     - __main__                  - Running in HEADLESS test mode. Scheduler and queue processing active.
2025-06-12 06:14:01,680 - INFO     - __main__                  - Application will simulate running for up to 5 minutes. Press Ctrl+C to interrupt.
2025-06-12 06:14:01,680 - DEBUG    - __main__                  - Checking reminder queue...
2025-06-12 06:14:01,680 - DEBUG    - apscheduler.scheduler     - Looking for jobs to run
2025-06-12 06:14:01,681 - DEBUG    - apscheduler.scheduler     - Next wakeup is due at 2025-06-12 06:19:01.655008+00:00 (in 299.973983 seconds)
2025-06-12 06:14:01,931 - DEBUG    - __main__                  - Checking reminder queue...
2025-06-12 06:14:02,182 - DEBUG    - __main__                  - Checking reminder queue...
2025-06-12 06:14:02,432 - DEBUG    - __main__                  - Checking reminder queue...
2025-06-12 06:14:02,683 - DEBUG    - __main__                  - Checking reminder queue...
2025-06-12 06:14:02,934 - DEBUG    - __main__                  - Checking reminder queue...
2025-06-12 06:14:03,185 - DEBUG    - __main__                  - Checking reminder queue...
2025-06-12 06:14:03,435 - DEBUG    - __main__                  - Checking reminder queue...
2025-06-12 06:14:03,686 - DEBUG    - __main__                  - Checking reminder queue...
2025-06-12 06:14:03,937 - DEBUG    - __main__                  - Checking reminder queue...
2025-06-12 06:14:04,188 - DEBUG    - __main__                  - Checking reminder queue...
2025-06-12 06:14:04,438 - DEBUG    - __main__                  - Checking reminder queue...
2025-06-12 06:14:04,689 - DEBUG    - __main__                  - Checking reminder queue...
2025-06-12 06:14:04,940 - DEBUG    - __main__                  - Checking reminder queue...
2025-06-12 06:14:05,190 - DEBUG    - __main__                  - Checking reminder queue...
2025-06-12 06:14:05,441 - DEBUG    - __main__                  - Checking reminder queue...
2025-06-12 06:14:05,692 - DEBUG    - __main__                  - Checking reminder queue...
2025-06-12 06:14:05,943 - DEBUG    - __main__                  - Checking reminder queue...
2025-06-12 06:14:06,193 - DEBUG    - __main__                  - Checking reminder queue...
2025-06-12 06:14:06,444 - DEBUG    - __main__                  - Checking reminder queue...
2025-06-12 06:14:06,695 - DEBUG    - __main__                  - Checking reminder queue...
2025-06-12 06:14:06,946 - DEBUG    - __main__                  - Checking reminder queue...
2025-06-12 06:14:07,196 - DEBUG    - __main__                  - Checking reminder queue...
2025-06-12 06:14:07,447 - DEBUG    - __main__                  - Checking reminder queue...
2025-06-12 06:14:07,698 - DEBUG    - __main__                  - Checking reminder queue...
2025-06-12 06:14:07,949 - DEBUG    - __main__                  - Checking reminder queue...
2025-06-12 06:14:08,199 - DEBUG    - __main__                  - Checking reminder queue...
2025-06-12 06:14:08,450 - DEBUG    - __main__                  - Checking reminder queue...
2025-06-12 06:14:08,700 - DEBUG    - __main__                  - Checking reminder queue...
2025-06-12 06:14:08,951 - DEBUG    - __main__                  - Checking reminder queue...
2025-06-12 06:14:09,202 - DEBUG    - __main__                  - Checking reminder queue...
2025-06-12 06:14:09,453 - DEBUG    - __main__                  - Checking reminder queue...
2025-06-12 06:14:09,703 - DEBUG    - __main__                  - Checking reminder queue...
2025-06-12 06:14:09,954 - DEBUG    - __main__                  - Checking reminder queue...
2025-06-12 06:14:10,205 - DEBUG    - __main__                  - Checking reminder queue...
2025-06-12 06:14:10,455 - DEBUG    - __main__                  - Checking reminder queue...
2025-06-12 06:14:10,706 - DEBUG    - __main__                  - Checking reminder queue...
2025-06-12 06:14:10,957 - DEBUG    - __main__                  - Checking reminder queue...
2025-06-12 06:14:11,208 - DEBUG    - __main__                  - Checking reminder queue...
2025-06-12 06:14:11,458 - DEBUG    - __main__                  - Checking reminder queue...
2025-06-12 06:14:11,709 - DEBUG    - __main__                  - Checking reminder queue...
2025-06-12 06:14:11,960 - DEBUG    - __main__                  - Checking reminder queue...
2025-06-12 06:14:12,211 - DEBUG    - __main__                  - Checking reminder queue...
2025-06-12 06:14:12,461 - DEBUG    - __main__                  - Checking reminder queue...
2025-06-12 06:14:12,712 - DEBUG    - __main__                  - Checking reminder queue...
2025-06-12 06:14:12,963 - DEBUG    - __main__                  - Checking reminder queue...
2025-06-12 06:14:13,214 - DEBUG    - __main__                  - Checking reminder queue...
2025-06-12 06:14:13,464 - DEBUG    - __main__                  - Checking reminder queue...
2025-06-12 06:14:13,715 - DEBUG    - __main__                  - Checking reminder queue...
2025-06-12 06:14:13,966 - DEBUG    - __main__                  - Checking reminder queue...
2025-06-12 06:14:14,216 - DEBUG    - __main__                  - Checking reminder queue...
2025-06-12 06:14:14,467 - DEBUG    - __main__                  - Checking reminder queue...
2025-06-12 06:14:14,718 - DEBUG    - __main__                  - Checking reminder queue...
2025-06-12 06:14:14,969 - DEBUG    - __main__                  - Checking reminder queue...
2025-06-12 06:14:15,220 - DEBUG    - __main__                  - Checking reminder queue...
2025-06-12 06:14:15,470 - DEBUG    - __main__                  - Checking reminder queue...
2025-06-12 06:14:15,721 - DEBUG    - __main__                  - Checking reminder queue...
2025-06-12 06:14:15,972 - DEBUG    - __main__                  - Checking reminder queue...
2025-06-12 06:14:16,223 - DEBUG    - __main__                  - Checking reminder queue...
2025-06-12 06:14:16,473 - DEBUG    - __main__                  - Checking reminder queue...
2025-06-12 06:14:16,724 - DEBUG    - __main__                  - Checking reminder queue...
2025-06-12 06:14:16,975 - DEBUG    - __main__                  - Checking reminder queue...
2025-06-12 06:14:17,225 - DEBUG    - __main__                  - Checking reminder queue...
2025-06-12 06:14:17,476 - DEBUG    - __main__                  - Checking reminder queue...
2025-06-12 06:14:17,727 - DEBUG    - __main__                  - Checking reminder queue...
2025-06-12 06:14:17,978 - DEBUG    - __main__                  - Checking reminder queue...
2025-06-12 06:14:18,228 - DEBUG    - __main__                  - Checking reminder queue...
2025-06-12 06:14:18,479 - DEBUG    - __main__                  - Checking reminder queue...
2025-06-12 06:14:18,730 - DEBUG    - __main__                  - Checking reminder queue...
2025-06-12 06:14:18,981 - DEBUG    - __main__                  - Checking reminder queue...
2025-06-12 06:14:19,231 - DEBUG    - __main__                  - Checking reminder queue...
2025-06-12 06:14:19,482 - DEBUG    - __main__                  - Checking reminder queue...
2025-06-12 06:14:19,733 - DEBUG    - __main__                  - Checking reminder queue...
2025-06-12 06:14:19,984 - DEBUG    - __main__                  - Checking reminder queue...
2025-06-12 06:14:20,234 - DEBUG    - __main__                  - Checking reminder queue...
2025-06-12 06:14:20,485 - DEBUG    - __main__                  - Checking reminder queue...
