Could not retrieve detailed voice properties: 'NoneType' object has no attribute 'decode'
Traceback (most recent call last):
  File "/app/tts_manager.py", line 35, in _initialize_engine
    current_voice_id = self.engine.getProperty('voice')
  File "/home/swebot/.local/lib/python3.10/site-packages/pyttsx3/engine.py", line 149, in getProperty
    return self.proxy.getProperty(name)
  File "/home/swebot/.local/lib/python3.10/site-packages/pyttsx3/driver.py", line 176, in getProperty
    return self._driver.getProperty(name)
  File "/home/swebot/.local/lib/python3.10/site-packages/pyttsx3/drivers/espeak.py", line 84, in getProperty
    return fromUtf8(voice.contents.name)
  File "/home/swebot/.local/lib/python3.10/site-packages/pyttsx3/drivers/__init__.py", line 23, in fromUtf8
    return value.decode('utf-8')
AttributeError: 'NoneType' object has no attribute 'decode'
2025-06-13 09:05:50,727 - INFO     - __main__                  - Application starting...
2025-06-13 09:05:50,736 - ERROR    - __main__                  - Tkinter TclError occurred: no display name and no $DISPLAY environment variable
Traceback (most recent call last):
  File "/app/main_app.py", line 1050, in <module>
    root = bs.Window(themename="solar")
  File "/home/swebot/.local/lib/python3.10/site-packages/ttkbootstrap/window.py", line 235, in __init__
    super().__init__(**kwargs)
  File "/home/swebot/.local/lib/python3.10/site-packages/ttkbootstrap/style.py", line 5318, in __init__wrapper
    func(self, *args, **kwargs)
  File "/usr/lib/python3.10/tkinter/__init__.py", line 2302, in __init__
    self.tk = _tkinter.create(screenName, baseName, className, interactive, wantobjects, useTk, sync, use)
_tkinter.TclError: no display name and no $DISPLAY environment variable
2025-06-13 09:05:50,754 - INFO     - __main__                  - No display found, attempting to run in HEADLESS test mode.
2025-06-13 09:05:50,754 - INFO     - __main__                  - Initializing TaskManagerApp in HEADLESS mode.
2025-06-13 09:05:50,754 - INFO     - __main__                  - UI setup and UI-based queue polling skipped in HEADLESS mode.
2025-06-13 09:05:50,754 - INFO     - __main__                  - Initializing scheduler...
2025-06-13 09:05:50,755 - DEBUG    - tzlocal                   - /etc/timezone found, contents:
 Etc/UTC

2025-06-13 09:05:50,756 - DEBUG    - tzlocal                   - /etc/localtime found
2025-06-13 09:05:50,760 - DEBUG    - tzlocal                   - 2 found:
 {'/etc/timezone': 'Etc/UTC', '/etc/localtime is a symlink to': 'Etc/UTC'}
2025-06-13 09:05:50,762 - INFO     - apscheduler.scheduler     - Adding job tentatively -- it will be properly scheduled when the scheduler starts
2025-06-13 09:05:50,762 - INFO     - scheduler_manager         - Job 'job_check_repetition' (target: check_repeating_tasks) configured with interval: 1 hour.
2025-06-13 09:05:50,762 - INFO     - apscheduler.scheduler     - Adding job tentatively -- it will be properly scheduled when the scheduler starts
2025-06-13 09:05:50,762 - INFO     - scheduler_manager         - Job 'job_rescheduler_reminders' (target: schedule_task_reminders) configured with interval: 5 minutes.
2025-06-13 09:05:50,764 - INFO     - apscheduler.scheduler     - Added job "check_repeating_tasks" to job store "default"
2025-06-13 09:05:50,765 - INFO     - apscheduler.scheduler     - Added job "schedule_task_reminders" to job store "default"
2025-06-13 09:05:50,765 - INFO     - apscheduler.scheduler     - Scheduler started
2025-06-13 09:05:50,765 - DEBUG    - apscheduler.scheduler     - Looking for jobs to run
2025-06-13 09:05:50,766 - DEBUG    - apscheduler.scheduler     - Next wakeup is due at 2025-06-13 09:10:50.762209+00:00 (in 299.995988 seconds)
2025-06-13 09:05:50,766 - INFO     - scheduler_manager         - BackgroundScheduler initialized and started.
2025-06-13 09:05:50,766 - INFO     - scheduler_manager         - Performing initial scan and scheduling of reminders...
2025-06-13 09:05:50,766 - INFO     - scheduler_manager         - Scheduler job 'schedule_task_reminders' started.
2025-06-13 09:05:50,771 - INFO     - scheduler_manager         - Fetched 1 tasks from DB for reminder scheduling.
2025-06-13 09:05:50,771 - DEBUG    - scheduler_manager         - Processing task for reminder: ID=1, Title='Daily Task A 1AM', Due='2025-06-09T01:00:00', Rep='Daily', Status='Pending'
2025-06-13 09:05:50,771 - DEBUG    - scheduler_manager         - Scheduling CRON job ID reminder_1 for task 'Daily Task A 1AM' (TaskID: 1). Trigger: cron, Params: {hour=1, minute=0, start_date=2025-06-09T01:00:00}
2025-06-13 09:05:50,777 - INFO     - apscheduler.scheduler     - Added job "trigger_reminder_action" to job store "default"
2025-06-13 09:05:50,778 - INFO     - scheduler_manager         - Scheduled reminder for Task 'Daily Task A 1AM' (ID: 1). Trigger: {'trigger': 'cron', 'start_date': datetime.datetime(2025, 6, 9, 1, 0), 'hour': 1, 'minute': 0}
2025-06-13 09:05:50,778 - DEBUG    - scheduler_manager         - Currently 3 jobs in scheduler. Checking for stale reminder jobs...
2025-06-13 09:05:50,778 - INFO     - scheduler_manager         - Scheduler job 'schedule_task_reminders' completed. Tasks processed: 1. New reminders: 1, Updated: 0, Skipped (past one-time): 0, Skipped (no trigger): 0, Removed stale: 0.
2025-06-13 09:05:50,778 - DEBUG    - scheduler_manager         - Current scheduler jobs:
  - ID: job_rescheduler_reminders, Next Run: 2025-06-13 09:10:50.762209+00:00, Trigger: interval[0:05:00]
  - ID: job_check_repetition, Next Run: 2025-06-13 10:05:50.761714+00:00, Trigger: interval[1:00:00]
  - ID: reminder_1, Next Run: 2025-06-14 01:00:00+00:00, Trigger: cron[hour='1', minute='0']
2025-06-13 09:05:50,778 - DEBUG    - scheduler_manager         - DB connection closed after schedule_task_reminders.
2025-06-13 09:05:50,778 - INFO     - __main__                  - Scheduler initialized successfully.
2025-06-13 09:05:50,778 - INFO     - __main__                  - TaskManagerApp initialization complete.
2025-06-13 09:05:50,778 - INFO     - __main__                  - Running in HEADLESS test mode. Scheduler and queue processing active.
2025-06-13 09:05:50,779 - INFO     - __main__                  - Application will simulate running for up to 5 minutes. Press Ctrl+C to interrupt.
2025-06-13 09:05:50,779 - DEBUG    - __main__                  - Checking reminder queue...
2025-06-13 09:05:50,779 - DEBUG    - apscheduler.scheduler     - Looking for jobs to run
2025-06-13 09:05:50,779 - DEBUG    - apscheduler.scheduler     - Next wakeup is due at 2025-06-13 09:10:50.762209+00:00 (in 299.982756 seconds)
2025-06-13 09:05:51,029 - DEBUG    - __main__                  - Checking reminder queue...
2025-06-13 09:05:51,280 - DEBUG    - __main__                  - Checking reminder queue...
2025-06-13 09:05:51,531 - DEBUG    - __main__                  - Checking reminder queue...
2025-06-13 09:05:51,781 - DEBUG    - __main__                  - Checking reminder queue...
2025-06-13 09:05:52,032 - DEBUG    - __main__                  - Checking reminder queue...
2025-06-13 09:05:52,283 - DEBUG    - __main__                  - Checking reminder queue...
2025-06-13 09:05:52,534 - DEBUG    - __main__                  - Checking reminder queue...
2025-06-13 09:05:52,784 - DEBUG    - __main__                  - Checking reminder queue...
2025-06-13 09:05:53,035 - DEBUG    - __main__                  - Checking reminder queue...
2025-06-13 09:05:53,286 - DEBUG    - __main__                  - Checking reminder queue...
2025-06-13 09:05:53,537 - DEBUG    - __main__                  - Checking reminder queue...
2025-06-13 09:05:53,788 - DEBUG    - __main__                  - Checking reminder queue...
2025-06-13 09:05:54,039 - DEBUG    - __main__                  - Checking reminder queue...
2025-06-13 09:05:54,290 - DEBUG    - __main__                  - Checking reminder queue...
2025-06-13 09:05:54,541 - DEBUG    - __main__                  - Checking reminder queue...
2025-06-13 09:05:54,792 - DEBUG    - __main__                  - Checking reminder queue...
2025-06-13 09:05:55,043 - DEBUG    - __main__                  - Checking reminder queue...
2025-06-13 09:05:55,294 - DEBUG    - __main__                  - Checking reminder queue...
2025-06-13 09:05:55,545 - DEBUG    - __main__                  - Checking reminder queue...
2025-06-13 09:05:55,796 - DEBUG    - __main__                  - Checking reminder queue...
2025-06-13 09:05:56,047 - DEBUG    - __main__                  - Checking reminder queue...
2025-06-13 09:05:56,298 - DEBUG    - __main__                  - Checking reminder queue...
2025-06-13 09:05:56,548 - DEBUG    - __main__                  - Checking reminder queue...
2025-06-13 09:05:56,799 - DEBUG    - __main__                  - Checking reminder queue...
2025-06-13 09:05:57,050 - DEBUG    - __main__                  - Checking reminder queue...
2025-06-13 09:05:57,300 - DEBUG    - __main__                  - Checking reminder queue...
2025-06-13 09:05:57,551 - DEBUG    - __main__                  - Checking reminder queue...
2025-06-13 09:05:57,802 - DEBUG    - __main__                  - Checking reminder queue...
2025-06-13 09:05:58,053 - DEBUG    - __main__                  - Checking reminder queue...
2025-06-13 09:05:58,303 - DEBUG    - __main__                  - Checking reminder queue...
2025-06-13 09:05:58,554 - DEBUG    - __main__                  - Checking reminder queue...
2025-06-13 09:05:58,805 - DEBUG    - __main__                  - Checking reminder queue...
2025-06-13 09:05:59,056 - DEBUG    - __main__                  - Checking reminder queue...
2025-06-13 09:05:59,306 - DEBUG    - __main__                  - Checking reminder queue...
2025-06-13 09:05:59,557 - DEBUG    - __main__                  - Checking reminder queue...
2025-06-13 09:05:59,808 - DEBUG    - __main__                  - Checking reminder queue...
2025-06-13 09:06:00,059 - DEBUG    - __main__                  - Checking reminder queue...
2025-06-13 09:06:00,309 - DEBUG    - __main__                  - Checking reminder queue...
2025-06-13 09:06:00,560 - DEBUG    - __main__                  - Checking reminder queue...
2025-06-13 09:06:00,811 - DEBUG    - __main__                  - Checking reminder queue...
2025-06-13 09:06:01,061 - DEBUG    - __main__                  - Checking reminder queue...
2025-06-13 09:06:01,312 - DEBUG    - __main__                  - Checking reminder queue...
2025-06-13 09:06:01,563 - DEBUG    - __main__                  - Checking reminder queue...
2025-06-13 09:06:01,814 - DEBUG    - __main__                  - Checking reminder queue...
2025-06-13 09:06:02,064 - DEBUG    - __main__                  - Checking reminder queue...
2025-06-13 09:06:02,315 - DEBUG    - __main__                  - Checking reminder queue...
2025-06-13 09:06:02,566 - DEBUG    - __main__                  - Checking reminder queue...
2025-06-13 09:06:02,817 - DEBUG    - __main__                  - Checking reminder queue...
2025-06-13 09:06:03,067 - DEBUG    - __main__                  - Checking reminder queue...
2025-06-13 09:06:03,318 - DEBUG    - __main__                  - Checking reminder queue...
2025-06-13 09:06:03,569 - DEBUG    - __main__                  - Checking reminder queue...
2025-06-13 09:06:03,820 - DEBUG    - __main__                  - Checking reminder queue...
2025-06-13 09:06:04,070 - DEBUG    - __main__                  - Checking reminder queue...
2025-06-13 09:06:04,321 - DEBUG    - __main__                  - Checking reminder queue...
2025-06-13 09:06:04,572 - DEBUG    - __main__                  - Checking reminder queue...
2025-06-13 09:06:04,823 - DEBUG    - __main__                  - Checking reminder queue...
2025-06-13 09:06:05,073 - DEBUG    - __main__                  - Checking reminder queue...
2025-06-13 09:06:05,324 - DEBUG    - __main__                  - Checking reminder queue...
2025-06-13 09:06:05,575 - DEBUG    - __main__                  - Checking reminder queue...
2025-06-13 09:06:05,826 - DEBUG    - __main__                  - Checking reminder queue...
2025-06-13 09:06:06,076 - DEBUG    - __main__                  - Checking reminder queue...
2025-06-13 09:06:06,327 - DEBUG    - __main__                  - Checking reminder queue...
2025-06-13 09:06:06,578 - DEBUG    - __main__                  - Checking reminder queue...
2025-06-13 09:06:06,829 - DEBUG    - __main__                  - Checking reminder queue...
2025-06-13 09:06:07,080 - DEBUG    - __main__                  - Checking reminder queue...
2025-06-13 09:06:07,330 - DEBUG    - __main__                  - Checking reminder queue...
2025-06-13 09:06:07,581 - DEBUG    - __main__                  - Checking reminder queue...
2025-06-13 09:06:07,832 - DEBUG    - __main__                  - Checking reminder queue...
2025-06-13 09:06:08,082 - DEBUG    - __main__                  - Checking reminder queue...
2025-06-13 09:06:08,333 - DEBUG    - __main__                  - Checking reminder queue...
2025-06-13 09:06:08,584 - DEBUG    - __main__                  - Checking reminder queue...
2025-06-13 09:06:08,835 - DEBUG    - __main__                  - Checking reminder queue...
2025-06-13 09:06:09,086 - DEBUG    - __main__                  - Checking reminder queue...
2025-06-13 09:06:09,336 - DEBUG    - __main__                  - Checking reminder queue...
2025-06-13 09:06:09,587 - DEBUG    - __main__                  - Checking reminder queue...
