Could not retrieve detailed voice properties: 'NoneType' object has no attribute 'decode'
Traceback (most recent call last):
  File "/app/tts_manager.py", line 35, in _initialize_engine
    current_voice_id = self.engine.getProperty('voice')
  File "/home/swebot/.local/lib/python3.10/site-packages/pyttsx3/engine.py", line 149, in getProperty
    return self.proxy.getProperty(name)
  File "/home/swebot/.local/lib/python3.10/site-packages/pyttsx3/driver.py", line 176, in getProperty
    return self._driver.getProperty(name)
  File "/home/swebot/.local/lib/python3.10/site-packages/pyttsx3/drivers/espeak.py", line 84, in getProperty
    return fromUtf8(voice.contents.name)
  File "/home/swebot/.local/lib/python3.10/site-packages/pyttsx3/drivers/__init__.py", line 23, in fromUtf8
    return value.decode('utf-8')
AttributeError: 'NoneType' object has no attribute 'decode'
2025-06-12 09:18:09,778 - INFO     - __main__                  - Application starting...
2025-06-12 09:18:09,793 - ERROR    - __main__                  - Tkinter TclError occurred: no display name and no $DISPLAY environment variable
Traceback (most recent call last):
  File "/app/main_app.py", line 1050, in <module>
    root = bs.Window(themename="solar")
  File "/home/swebot/.local/lib/python3.10/site-packages/ttkbootstrap/window.py", line 235, in __init__
    super().__init__(**kwargs)
  File "/home/swebot/.local/lib/python3.10/site-packages/ttkbootstrap/style.py", line 5318, in __init__wrapper
    func(self, *args, **kwargs)
  File "/usr/lib/python3.10/tkinter/__init__.py", line 2302, in __init__
    self.tk = _tkinter.create(screenName, baseName, className, interactive, wantobjects, useTk, sync, use)
_tkinter.TclError: no display name and no $DISPLAY environment variable
2025-06-12 09:18:09,826 - INFO     - __main__                  - No display found, attempting to run in HEADLESS test mode.
2025-06-12 09:18:09,826 - INFO     - __main__                  - Initializing TaskManagerApp in HEADLESS mode.
2025-06-12 09:18:09,826 - INFO     - __main__                  - UI setup and UI-based queue polling skipped in HEADLESS mode.
2025-06-12 09:18:09,826 - INFO     - __main__                  - Initializing scheduler...
2025-06-12 09:18:09,828 - DEBUG    - tzlocal                   - /etc/timezone found, contents:
 Etc/UTC

2025-06-12 09:18:09,830 - DEBUG    - tzlocal                   - /etc/localtime found
2025-06-12 09:18:09,839 - DEBUG    - tzlocal                   - 2 found:
 {'/etc/timezone': 'Etc/UTC', '/etc/localtime is a symlink to': 'Etc/UTC'}
2025-06-12 09:18:09,843 - INFO     - apscheduler.scheduler     - Adding job tentatively -- it will be properly scheduled when the scheduler starts
2025-06-12 09:18:09,843 - INFO     - scheduler_manager         - Job 'job_check_repetition' (target: check_repeating_tasks) configured with interval: 1 hour.
2025-06-12 09:18:09,844 - INFO     - apscheduler.scheduler     - Adding job tentatively -- it will be properly scheduled when the scheduler starts
2025-06-12 09:18:09,844 - INFO     - scheduler_manager         - Job 'job_rescheduler_reminders' (target: schedule_task_reminders) configured with interval: 5 minutes.
2025-06-12 09:18:09,847 - INFO     - apscheduler.scheduler     - Added job "check_repeating_tasks" to job store "default"
2025-06-12 09:18:09,848 - INFO     - apscheduler.scheduler     - Added job "schedule_task_reminders" to job store "default"
2025-06-12 09:18:09,848 - INFO     - apscheduler.scheduler     - Scheduler started
2025-06-12 09:18:09,849 - DEBUG    - apscheduler.scheduler     - Looking for jobs to run
2025-06-12 09:18:09,850 - INFO     - scheduler_manager         - BackgroundScheduler initialized and started.
2025-06-12 09:18:09,851 - DEBUG    - apscheduler.scheduler     - Next wakeup is due at 2025-06-12 09:23:09.843735+00:00 (in 299.992679 seconds)
2025-06-12 09:18:09,851 - INFO     - scheduler_manager         - Performing initial scan and scheduling of reminders...
2025-06-12 09:18:09,851 - INFO     - scheduler_manager         - Scheduler job 'schedule_task_reminders' started.
2025-06-12 09:18:09,860 - INFO     - scheduler_manager         - Fetched 1 tasks from DB for reminder scheduling.
2025-06-12 09:18:09,860 - DEBUG    - scheduler_manager         - Processing task for reminder: ID=1, Title='Daily Task A 1AM', Due='2025-06-09T01:00:00', Rep='Daily', Status='Pending'
2025-06-12 09:18:09,861 - DEBUG    - scheduler_manager         - Scheduling CRON job ID reminder_1 for task 'Daily Task A 1AM' (TaskID: 1). Trigger: cron, Params: {hour=1, minute=0, start_date=2025-06-09T01:00:00}
2025-06-12 09:18:09,878 - INFO     - apscheduler.scheduler     - Added job "trigger_reminder_action" to job store "default"
2025-06-12 09:18:09,878 - INFO     - scheduler_manager         - Scheduled reminder for Task 'Daily Task A 1AM' (ID: 1). Trigger: {'trigger': 'cron', 'start_date': datetime.datetime(2025, 6, 9, 1, 0), 'hour': 1, 'minute': 0}
2025-06-12 09:18:09,878 - DEBUG    - scheduler_manager         - Currently 3 jobs in scheduler. Checking for stale reminder jobs...
2025-06-12 09:18:09,878 - INFO     - scheduler_manager         - Scheduler job 'schedule_task_reminders' completed. Tasks processed: 1. New reminders: 1, Updated: 0, Skipped (past one-time): 0, Skipped (no trigger): 0, Removed stale: 0.
2025-06-12 09:18:09,879 - DEBUG    - scheduler_manager         - Current scheduler jobs:
  - ID: job_rescheduler_reminders, Next Run: 2025-06-12 09:23:09.843735+00:00, Trigger: interval[0:05:00]
  - ID: job_check_repetition, Next Run: 2025-06-12 10:18:09.842690+00:00, Trigger: interval[1:00:00]
  - ID: reminder_1, Next Run: 2025-06-13 01:00:00+00:00, Trigger: cron[hour='1', minute='0']
2025-06-12 09:18:09,879 - DEBUG    - scheduler_manager         - DB connection closed after schedule_task_reminders.
2025-06-12 09:18:09,880 - INFO     - __main__                  - Scheduler initialized successfully.
2025-06-12 09:18:09,880 - INFO     - __main__                  - TaskManagerApp initialization complete.
2025-06-12 09:18:09,880 - INFO     - __main__                  - Running in HEADLESS test mode. Scheduler and queue processing active.
2025-06-12 09:18:09,880 - INFO     - __main__                  - Application will simulate running for up to 5 minutes. Press Ctrl+C to interrupt.
2025-06-12 09:18:09,880 - DEBUG    - __main__                  - Checking reminder queue...
2025-06-12 09:18:09,881 - DEBUG    - apscheduler.scheduler     - Looking for jobs to run
2025-06-12 09:18:09,881 - DEBUG    - apscheduler.scheduler     - Next wakeup is due at 2025-06-12 09:23:09.843735+00:00 (in 299.962190 seconds)
2025-06-12 09:18:10,132 - DEBUG    - __main__                  - Checking reminder queue...
2025-06-12 09:18:10,383 - DEBUG    - __main__                  - Checking reminder queue...
2025-06-12 09:18:10,634 - DEBUG    - __main__                  - Checking reminder queue...
2025-06-12 09:18:10,885 - DEBUG    - __main__                  - Checking reminder queue...
2025-06-12 09:18:11,136 - DEBUG    - __main__                  - Checking reminder queue...
2025-06-12 09:18:11,387 - DEBUG    - __main__                  - Checking reminder queue...
2025-06-12 09:18:11,638 - DEBUG    - __main__                  - Checking reminder queue...
2025-06-12 09:18:11,889 - DEBUG    - __main__                  - Checking reminder queue...
2025-06-12 09:18:12,141 - DEBUG    - __main__                  - Checking reminder queue...
2025-06-12 09:18:12,392 - DEBUG    - __main__                  - Checking reminder queue...
2025-06-12 09:18:12,643 - DEBUG    - __main__                  - Checking reminder queue...
2025-06-12 09:18:12,894 - DEBUG    - __main__                  - Checking reminder queue...
2025-06-12 09:18:13,145 - DEBUG    - __main__                  - Checking reminder queue...
2025-06-12 09:18:13,395 - DEBUG    - __main__                  - Checking reminder queue...
2025-06-12 09:18:13,646 - DEBUG    - __main__                  - Checking reminder queue...
2025-06-12 09:18:13,897 - DEBUG    - __main__                  - Checking reminder queue...
2025-06-12 09:18:14,147 - DEBUG    - __main__                  - Checking reminder queue...
2025-06-12 09:18:14,398 - DEBUG    - __main__                  - Checking reminder queue...
2025-06-12 09:18:14,649 - DEBUG    - __main__                  - Checking reminder queue...
2025-06-12 09:18:14,900 - DEBUG    - __main__                  - Checking reminder queue...
2025-06-12 09:18:15,150 - DEBUG    - __main__                  - Checking reminder queue...
2025-06-12 09:18:15,401 - DEBUG    - __main__                  - Checking reminder queue...
2025-06-12 09:18:15,652 - DEBUG    - __main__                  - Checking reminder queue...
2025-06-12 09:18:15,902 - DEBUG    - __main__                  - Checking reminder queue...
2025-06-12 09:18:16,153 - DEBUG    - __main__                  - Checking reminder queue...
2025-06-12 09:18:16,404 - DEBUG    - __main__                  - Checking reminder queue...
2025-06-12 09:18:16,654 - DEBUG    - __main__                  - Checking reminder queue...
2025-06-12 09:18:16,905 - DEBUG    - __main__                  - Checking reminder queue...
2025-06-12 09:18:17,156 - DEBUG    - __main__                  - Checking reminder queue...
2025-06-12 09:18:17,406 - DEBUG    - __main__                  - Checking reminder queue...
2025-06-12 09:18:17,657 - DEBUG    - __main__                  - Checking reminder queue...
2025-06-12 09:18:17,908 - DEBUG    - __main__                  - Checking reminder queue...
2025-06-12 09:18:18,158 - DEBUG    - __main__                  - Checking reminder queue...
2025-06-12 09:18:18,409 - DEBUG    - __main__                  - Checking reminder queue...
2025-06-12 09:18:18,660 - DEBUG    - __main__                  - Checking reminder queue...
2025-06-12 09:18:18,910 - DEBUG    - __main__                  - Checking reminder queue...
2025-06-12 09:18:19,161 - DEBUG    - __main__                  - Checking reminder queue...
2025-06-12 09:18:19,412 - DEBUG    - __main__                  - Checking reminder queue...
2025-06-12 09:18:19,662 - DEBUG    - __main__                  - Checking reminder queue...
2025-06-12 09:18:19,913 - DEBUG    - __main__                  - Checking reminder queue...
2025-06-12 09:18:20,164 - DEBUG    - __main__                  - Checking reminder queue...
2025-06-12 09:18:20,414 - DEBUG    - __main__                  - Checking reminder queue...
2025-06-12 09:18:20,665 - DEBUG    - __main__                  - Checking reminder queue...
2025-06-12 09:18:20,916 - DEBUG    - __main__                  - Checking reminder queue...
2025-06-12 09:18:21,166 - DEBUG    - __main__                  - Checking reminder queue...
2025-06-12 09:18:21,417 - DEBUG    - __main__                  - Checking reminder queue...
2025-06-12 09:18:21,668 - DEBUG    - __main__                  - Checking reminder queue...
2025-06-12 09:18:21,919 - DEBUG    - __main__                  - Checking reminder queue...
2025-06-12 09:18:22,169 - DEBUG    - __main__                  - Checking reminder queue...
2025-06-12 09:18:22,420 - DEBUG    - __main__                  - Checking reminder queue...
2025-06-12 09:18:22,671 - DEBUG    - __main__                  - Checking reminder queue...
2025-06-12 09:18:22,921 - DEBUG    - __main__                  - Checking reminder queue...
2025-06-12 09:18:23,172 - DEBUG    - __main__                  - Checking reminder queue...
2025-06-12 09:18:23,423 - DEBUG    - __main__                  - Checking reminder queue...
2025-06-12 09:18:23,673 - DEBUG    - __main__                  - Checking reminder queue...
2025-06-12 09:18:23,924 - DEBUG    - __main__                  - Checking reminder queue...
2025-06-12 09:18:24,175 - DEBUG    - __main__                  - Checking reminder queue...
2025-06-12 09:18:24,425 - DEBUG    - __main__                  - Checking reminder queue...
2025-06-12 09:18:24,676 - DEBUG    - __main__                  - Checking reminder queue...
2025-06-12 09:18:24,927 - DEBUG    - __main__                  - Checking reminder queue...
2025-06-12 09:18:25,177 - DEBUG    - __main__                  - Checking reminder queue...
2025-06-12 09:18:25,428 - DEBUG    - __main__                  - Checking reminder queue...
2025-06-12 09:18:25,679 - DEBUG    - __main__                  - Checking reminder queue...
2025-06-12 09:18:25,929 - DEBUG    - __main__                  - Checking reminder queue...
2025-06-12 09:18:26,180 - DEBUG    - __main__                  - Checking reminder queue...
2025-06-12 09:18:26,431 - DEBUG    - __main__                  - Checking reminder queue...
2025-06-12 09:18:26,681 - DEBUG    - __main__                  - Checking reminder queue...
2025-06-12 09:18:26,932 - DEBUG    - __main__                  - Checking reminder queue...
2025-06-12 09:18:27,183 - DEBUG    - __main__                  - Checking reminder queue...
2025-06-12 09:18:27,433 - DEBUG    - __main__                  - Checking reminder queue...
2025-06-12 09:18:27,684 - DEBUG    - __main__                  - Checking reminder queue...
2025-06-12 09:18:27,935 - DEBUG    - __main__                  - Checking reminder queue...
