Could not retrieve detailed voice properties: 'NoneType' object has no attribute 'decode'
Traceback (most recent call last):
  File "/app/tts_manager.py", line 35, in _initialize_engine
    current_voice_id = self.engine.getProperty('voice')
  File "/home/swebot/.local/lib/python3.10/site-packages/pyttsx3/engine.py", line 149, in getProperty
    return self.proxy.getProperty(name)
  File "/home/swebot/.local/lib/python3.10/site-packages/pyttsx3/driver.py", line 176, in getProperty
    return self._driver.getProperty(name)
  File "/home/swebot/.local/lib/python3.10/site-packages/pyttsx3/drivers/espeak.py", line 84, in getProperty
    return fromUtf8(voice.contents.name)
  File "/home/swebot/.local/lib/python3.10/site-packages/pyttsx3/drivers/__init__.py", line 23, in fromUtf8
    return value.decode('utf-8')
AttributeError: 'NoneType' object has no attribute 'decode'
2025-06-11 10:49:36,786 - INFO     - __main__                  - Application starting...
2025-06-11 10:49:36,795 - ERROR    - __main__                  - Tkinter TclError occurred: no display name and no $DISPLAY environment variable
Traceback (most recent call last):
  File "/app/main_app.py", line 1009, in <module>
    root = bs.Window(themename="solar")
  File "/home/swebot/.local/lib/python3.10/site-packages/ttkbootstrap/window.py", line 235, in __init__
    super().__init__(**kwargs)
  File "/home/swebot/.local/lib/python3.10/site-packages/ttkbootstrap/style.py", line 5318, in __init__wrapper
    func(self, *args, **kwargs)
  File "/usr/lib/python3.10/tkinter/__init__.py", line 2302, in __init__
    self.tk = _tkinter.create(screenName, baseName, className, interactive, wantobjects, useTk, sync, use)
_tkinter.TclError: no display name and no $DISPLAY environment variable
2025-06-11 10:49:36,813 - INFO     - __main__                  - No display found, attempting to run in HEADLESS test mode.
2025-06-11 10:49:36,813 - INFO     - __main__                  - Initializing TaskManagerApp in HEADLESS mode.
2025-06-11 10:49:36,813 - INFO     - __main__                  - UI setup and UI-based queue polling skipped in HEADLESS mode.
2025-06-11 10:49:36,813 - INFO     - __main__                  - Initializing scheduler...
2025-06-11 10:49:36,815 - DEBUG    - tzlocal                   - /etc/timezone found, contents:
 Etc/UTC

2025-06-11 10:49:36,815 - DEBUG    - tzlocal                   - /etc/localtime found
2025-06-11 10:49:36,820 - DEBUG    - tzlocal                   - 2 found:
 {'/etc/timezone': 'Etc/UTC', '/etc/localtime is a symlink to': 'Etc/UTC'}
2025-06-11 10:49:36,822 - INFO     - apscheduler.scheduler     - Adding job tentatively -- it will be properly scheduled when the scheduler starts
2025-06-11 10:49:36,822 - INFO     - scheduler_manager         - Job 'job_check_repetition' (target: check_repeating_tasks) configured with interval: 1 hour.
2025-06-11 10:49:36,822 - INFO     - apscheduler.scheduler     - Adding job tentatively -- it will be properly scheduled when the scheduler starts
2025-06-11 10:49:36,822 - INFO     - scheduler_manager         - Job 'job_rescheduler_reminders' (target: schedule_task_reminders) configured with interval: 5 minutes.
2025-06-11 10:49:36,824 - INFO     - apscheduler.scheduler     - Added job "check_repeating_tasks" to job store "default"
2025-06-11 10:49:36,824 - INFO     - apscheduler.scheduler     - Added job "schedule_task_reminders" to job store "default"
2025-06-11 10:49:36,824 - INFO     - apscheduler.scheduler     - Scheduler started
2025-06-11 10:49:36,826 - DEBUG    - apscheduler.scheduler     - Looking for jobs to run
2025-06-11 10:49:36,826 - INFO     - scheduler_manager         - BackgroundScheduler initialized and started.
2025-06-11 10:49:36,827 - INFO     - scheduler_manager         - Performing initial scan and scheduling of reminders...
2025-06-11 10:49:36,826 - DEBUG    - apscheduler.scheduler     - Next wakeup is due at 2025-06-11 10:54:36.822367+00:00 (in 299.995400 seconds)
2025-06-11 10:49:36,827 - INFO     - scheduler_manager         - Scheduler job 'schedule_task_reminders' started.
2025-06-11 10:49:36,831 - INFO     - scheduler_manager         - Fetched 1 tasks from DB for reminder scheduling.
2025-06-11 10:49:36,832 - DEBUG    - scheduler_manager         - Processing task for reminder: ID=1, Title='Daily Task A 1AM', Due='2025-06-09T01:00:00', Rep='Daily', Status='Pending'
2025-06-11 10:49:36,832 - DEBUG    - scheduler_manager         - Scheduling CRON job ID reminder_1 for task 'Daily Task A 1AM' (TaskID: 1). Trigger: cron, Params: {hour=1, minute=0, start_date=2025-06-09T01:00:00}
2025-06-11 10:49:36,838 - INFO     - apscheduler.scheduler     - Added job "trigger_reminder_action" to job store "default"
2025-06-11 10:49:36,838 - INFO     - scheduler_manager         - Scheduled reminder for Task 'Daily Task A 1AM' (ID: 1). Trigger: {'trigger': 'cron', 'start_date': datetime.datetime(2025, 6, 9, 1, 0), 'hour': 1, 'minute': 0}
2025-06-11 10:49:36,839 - DEBUG    - scheduler_manager         - Currently 3 jobs in scheduler. Checking for stale reminder jobs...
2025-06-11 10:49:36,839 - INFO     - scheduler_manager         - Scheduler job 'schedule_task_reminders' completed. Tasks processed: 1. New reminders: 1, Updated: 0, Skipped (past one-time): 0, Skipped (no trigger): 0, Removed stale: 0.
2025-06-11 10:49:36,839 - DEBUG    - scheduler_manager         - Current scheduler jobs:
  - ID: job_rescheduler_reminders, Next Run: 2025-06-11 10:54:36.822367+00:00, Trigger: interval[0:05:00]
  - ID: job_check_repetition, Next Run: 2025-06-11 11:49:36.821627+00:00, Trigger: interval[1:00:00]
  - ID: reminder_1, Next Run: 2025-06-12 01:00:00+00:00, Trigger: cron[hour='1', minute='0']
2025-06-11 10:49:36,839 - DEBUG    - scheduler_manager         - DB connection closed after schedule_task_reminders.
2025-06-11 10:49:36,839 - INFO     - __main__                  - Scheduler initialized successfully.
2025-06-11 10:49:36,839 - INFO     - __main__                  - TaskManagerApp initialization complete.
2025-06-11 10:49:36,839 - INFO     - __main__                  - Running in HEADLESS test mode. Scheduler and queue processing active.
2025-06-11 10:49:36,839 - INFO     - __main__                  - Application will simulate running for up to 5 minutes. Press Ctrl+C to interrupt.
2025-06-11 10:49:36,839 - DEBUG    - __main__                  - Checking reminder queue...
2025-06-11 10:49:36,840 - DEBUG    - apscheduler.scheduler     - Looking for jobs to run
2025-06-11 10:49:36,840 - DEBUG    - apscheduler.scheduler     - Next wakeup is due at 2025-06-11 10:54:36.822367+00:00 (in 299.982117 seconds)
2025-06-11 10:49:37,090 - DEBUG    - __main__                  - Checking reminder queue...
2025-06-11 10:49:37,341 - DEBUG    - __main__                  - Checking reminder queue...
2025-06-11 10:49:37,591 - DEBUG    - __main__                  - Checking reminder queue...
2025-06-11 10:49:37,842 - DEBUG    - __main__                  - Checking reminder queue...
2025-06-11 10:49:38,093 - DEBUG    - __main__                  - Checking reminder queue...
2025-06-11 10:49:38,344 - DEBUG    - __main__                  - Checking reminder queue...
2025-06-11 10:49:38,594 - DEBUG    - __main__                  - Checking reminder queue...
2025-06-11 10:49:38,845 - DEBUG    - __main__                  - Checking reminder queue...
2025-06-11 10:49:39,096 - DEBUG    - __main__                  - Checking reminder queue...
2025-06-11 10:49:39,347 - DEBUG    - __main__                  - Checking reminder queue...
2025-06-11 10:49:39,597 - DEBUG    - __main__                  - Checking reminder queue...
2025-06-11 10:49:39,848 - DEBUG    - __main__                  - Checking reminder queue...
2025-06-11 10:49:40,099 - DEBUG    - __main__                  - Checking reminder queue...
2025-06-11 10:49:40,350 - DEBUG    - __main__                  - Checking reminder queue...
2025-06-11 10:49:40,600 - DEBUG    - __main__                  - Checking reminder queue...
2025-06-11 10:49:40,851 - DEBUG    - __main__                  - Checking reminder queue...
2025-06-11 10:49:41,102 - DEBUG    - __main__                  - Checking reminder queue...
2025-06-11 10:49:41,353 - DEBUG    - __main__                  - Checking reminder queue...
2025-06-11 10:49:41,603 - DEBUG    - __main__                  - Checking reminder queue...
2025-06-11 10:49:41,854 - DEBUG    - __main__                  - Checking reminder queue...
2025-06-11 10:49:42,105 - DEBUG    - __main__                  - Checking reminder queue...
2025-06-11 10:49:42,356 - DEBUG    - __main__                  - Checking reminder queue...
2025-06-11 10:49:42,606 - DEBUG    - __main__                  - Checking reminder queue...
2025-06-11 10:49:42,857 - DEBUG    - __main__                  - Checking reminder queue...
2025-06-11 10:49:43,108 - DEBUG    - __main__                  - Checking reminder queue...
2025-06-11 10:49:43,359 - DEBUG    - __main__                  - Checking reminder queue...
2025-06-11 10:49:43,609 - DEBUG    - __main__                  - Checking reminder queue...
2025-06-11 10:49:43,860 - DEBUG    - __main__                  - Checking reminder queue...
2025-06-11 10:49:44,111 - DEBUG    - __main__                  - Checking reminder queue...
2025-06-11 10:49:44,362 - DEBUG    - __main__                  - Checking reminder queue...
2025-06-11 10:49:44,612 - DEBUG    - __main__                  - Checking reminder queue...
2025-06-11 10:49:44,863 - DEBUG    - __main__                  - Checking reminder queue...
2025-06-11 10:49:45,114 - DEBUG    - __main__                  - Checking reminder queue...
2025-06-11 10:49:45,364 - DEBUG    - __main__                  - Checking reminder queue...
2025-06-11 10:49:45,615 - DEBUG    - __main__                  - Checking reminder queue...
2025-06-11 10:49:45,866 - DEBUG    - __main__                  - Checking reminder queue...
2025-06-11 10:49:46,116 - DEBUG    - __main__                  - Checking reminder queue...
2025-06-11 10:49:46,367 - DEBUG    - __main__                  - Checking reminder queue...
2025-06-11 10:49:46,618 - DEBUG    - __main__                  - Checking reminder queue...
2025-06-11 10:49:46,869 - DEBUG    - __main__                  - Checking reminder queue...
2025-06-11 10:49:47,119 - DEBUG    - __main__                  - Checking reminder queue...
2025-06-11 10:49:47,370 - DEBUG    - __main__                  - Checking reminder queue...
2025-06-11 10:49:47,621 - DEBUG    - __main__                  - Checking reminder queue...
2025-06-11 10:49:47,871 - DEBUG    - __main__                  - Checking reminder queue...
2025-06-11 10:49:48,122 - DEBUG    - __main__                  - Checking reminder queue...
2025-06-11 10:49:48,373 - DEBUG    - __main__                  - Checking reminder queue...
2025-06-11 10:49:48,624 - DEBUG    - __main__                  - Checking reminder queue...
2025-06-11 10:49:48,874 - DEBUG    - __main__                  - Checking reminder queue...
2025-06-11 10:49:49,125 - DEBUG    - __main__                  - Checking reminder queue...
2025-06-11 10:49:49,376 - DEBUG    - __main__                  - Checking reminder queue...
2025-06-11 10:49:49,626 - DEBUG    - __main__                  - Checking reminder queue...
2025-06-11 10:49:49,877 - DEBUG    - __main__                  - Checking reminder queue...
2025-06-11 10:49:50,128 - DEBUG    - __main__                  - Checking reminder queue...
2025-06-11 10:49:50,379 - DEBUG    - __main__                  - Checking reminder queue...
2025-06-11 10:49:50,630 - DEBUG    - __main__                  - Checking reminder queue...
2025-06-11 10:49:50,880 - DEBUG    - __main__                  - Checking reminder queue...
2025-06-11 10:49:51,131 - DEBUG    - __main__                  - Checking reminder queue...
2025-06-11 10:49:51,382 - DEBUG    - __main__                  - Checking reminder queue...
2025-06-11 10:49:51,632 - DEBUG    - __main__                  - Checking reminder queue...
2025-06-11 10:49:51,883 - DEBUG    - __main__                  - Checking reminder queue...
2025-06-11 10:49:52,134 - DEBUG    - __main__                  - Checking reminder queue...
2025-06-11 10:49:52,385 - DEBUG    - __main__                  - Checking reminder queue...
2025-06-11 10:49:52,636 - DEBUG    - __main__                  - Checking reminder queue...
2025-06-11 10:49:52,886 - DEBUG    - __main__                  - Checking reminder queue...
2025-06-11 10:49:53,137 - DEBUG    - __main__                  - Checking reminder queue...
2025-06-11 10:49:53,388 - DEBUG    - __main__                  - Checking reminder queue...
2025-06-11 10:49:53,638 - DEBUG    - __main__                  - Checking reminder queue...
2025-06-11 10:49:53,889 - DEBUG    - __main__                  - Checking reminder queue...
2025-06-11 10:49:54,140 - DEBUG    - __main__                  - Checking reminder queue...
2025-06-11 10:49:54,391 - DEBUG    - __main__                  - Checking reminder queue...
2025-06-11 10:49:54,641 - DEBUG    - __main__                  - Checking reminder queue...
2025-06-11 10:49:54,892 - DEBUG    - __main__                  - Checking reminder queue...
2025-06-11 10:49:55,143 - DEBUG    - __main__                  - Checking reminder queue...
2025-06-11 10:49:55,393 - DEBUG    - __main__                  - Checking reminder queue...
2025-06-11 10:49:55,644 - DEBUG    - __main__                  - Checking reminder queue...
